[2024-03-13T16:29:52.515+0000] {taskinstance.py:1979} INFO - Dependencies all met for dep_context=non-requeueable deps ti=<TaskInstance: my_dag.training_model_C scheduled__2024-03-12T00:00:00+00:00 [queued]>
[2024-03-13T16:29:52.523+0000] {taskinstance.py:1979} INFO - Dependencies all met for dep_context=requeueable deps ti=<TaskInstance: my_dag.training_model_C scheduled__2024-03-12T00:00:00+00:00 [queued]>
[2024-03-13T16:29:52.523+0000] {taskinstance.py:2193} INFO - Starting attempt 1 of 1
[2024-03-13T16:29:52.535+0000] {taskinstance.py:2217} INFO - Executing <Task(PythonOperator): training_model_C> on 2024-03-12 00:00:00+00:00
[2024-03-13T16:29:52.541+0000] {standard_task_runner.py:60} INFO - Started process 91 to run task
[2024-03-13T16:29:52.544+0000] {standard_task_runner.py:87} INFO - Running: ['***', 'tasks', 'run', 'my_dag', 'training_model_C', 'scheduled__2024-03-12T00:00:00+00:00', '--job-id', '22', '--raw', '--subdir', 'DAGS_FOLDER/my_first_dag.py', '--cfg-path', '/tmp/tmp0h7_pnw9']
[2024-03-13T16:29:52.547+0000] {standard_task_runner.py:88} INFO - Job 22: Subtask training_model_C
[2024-03-13T16:29:52.589+0000] {task_command.py:423} INFO - Running <TaskInstance: my_dag.training_model_C scheduled__2024-03-12T00:00:00+00:00 [running]> on host 6c349894a55c
[2024-03-13T16:29:52.661+0000] {taskinstance.py:2513} INFO - Exporting env vars: AIRFLOW_CTX_DAG_OWNER='***' AIRFLOW_CTX_DAG_ID='my_dag' AIRFLOW_CTX_TASK_ID='training_model_C' AIRFLOW_CTX_EXECUTION_DATE='2024-03-12T00:00:00+00:00' AIRFLOW_CTX_TRY_NUMBER='1' AIRFLOW_CTX_DAG_RUN_ID='scheduled__2024-03-12T00:00:00+00:00'
[2024-03-13T16:29:52.663+0000] {logging_mixin.py:188} INFO - C
[2024-03-13T16:29:52.664+0000] {python.py:202} INFO - Done. Returned value was: 7
[2024-03-13T16:29:52.685+0000] {taskinstance.py:1149} INFO - Marking task as SUCCESS. dag_id=my_dag, task_id=training_model_C, execution_date=20240312T000000, start_date=20240313T162952, end_date=20240313T162952
[2024-03-13T16:29:52.723+0000] {local_task_job_runner.py:234} INFO - Task exited with return code 0
[2024-03-13T16:29:52.750+0000] {taskinstance.py:3312} INFO - 1 downstream tasks scheduled from follow-on schedule check
[2024-03-13T18:35:14.101+0000] {taskinstance.py:1979} INFO - Dependencies all met for dep_context=non-requeueable deps ti=<TaskInstance: my_dag.training_model_C scheduled__2024-03-12T00:00:00+00:00 [queued]>
[2024-03-13T18:35:14.110+0000] {taskinstance.py:1979} INFO - Dependencies all met for dep_context=requeueable deps ti=<TaskInstance: my_dag.training_model_C scheduled__2024-03-12T00:00:00+00:00 [queued]>
[2024-03-13T18:35:14.110+0000] {taskinstance.py:2193} INFO - Starting attempt 1 of 1
[2024-03-13T18:35:14.126+0000] {taskinstance.py:2217} INFO - Executing <Task(PythonOperator): training_model_C> on 2024-03-12 00:00:00+00:00
[2024-03-13T18:35:14.133+0000] {standard_task_runner.py:60} INFO - Started process 95 to run task
[2024-03-13T18:35:14.135+0000] {standard_task_runner.py:87} INFO - Running: ['***', 'tasks', 'run', 'my_dag', 'training_model_C', 'scheduled__2024-03-12T00:00:00+00:00', '--job-id', '78', '--raw', '--subdir', 'DAGS_FOLDER/my_first_dag.py', '--cfg-path', '/tmp/tmp5s0ags5x']
[2024-03-13T18:35:14.138+0000] {standard_task_runner.py:88} INFO - Job 78: Subtask training_model_C
[2024-03-13T18:35:14.184+0000] {task_command.py:423} INFO - Running <TaskInstance: my_dag.training_model_C scheduled__2024-03-12T00:00:00+00:00 [running]> on host b58d4254a693
[2024-03-13T18:35:14.272+0000] {taskinstance.py:2513} INFO - Exporting env vars: AIRFLOW_CTX_DAG_OWNER='***' AIRFLOW_CTX_DAG_ID='my_dag' AIRFLOW_CTX_TASK_ID='training_model_C' AIRFLOW_CTX_EXECUTION_DATE='2024-03-12T00:00:00+00:00' AIRFLOW_CTX_TRY_NUMBER='1' AIRFLOW_CTX_DAG_RUN_ID='scheduled__2024-03-12T00:00:00+00:00'
[2024-03-13T18:35:14.275+0000] {logging_mixin.py:188} INFO - C
[2024-03-13T18:35:14.277+0000] {python.py:202} INFO - Done. Returned value was: 5
[2024-03-13T18:35:14.307+0000] {taskinstance.py:1149} INFO - Marking task as SUCCESS. dag_id=my_dag, task_id=training_model_C, execution_date=20240312T000000, start_date=20240313T183514, end_date=20240313T183514
[2024-03-13T18:35:14.355+0000] {local_task_job_runner.py:234} INFO - Task exited with return code 0
[2024-03-13T18:35:14.380+0000] {taskinstance.py:3312} INFO - 0 downstream tasks scheduled from follow-on schedule check
